ionel > alina v diana v costin v simona v razvan v andrei >> oana ^ radu > patricia v victor v nicoleta >> maria > gabi ^ dorel ^ elena < gigel ^ tamara > dragos
ionel > alina v diana v costin v simona < luiza v mihnea > razvan v andrei >> oana ^ radu > patricia v victor v nicoleta >> maria > gabi ^ dorel ^ elena < gigel ^ tamara > dragos
ionel > alina v diana v costin v simona v razvan v andrei >> oana ^ radu > patricia v victor v nicoleta >> maria > gabi ^ dorel ^ elena < gigel ^ tamara ^ dora > marin v dragos
ionel > alina v diana v costin v simona v razvan v andrei >> oana ^ radu ^ dana > cristian v patricia v victor v nicoleta >> maria > gabi ^ dorel ^ elena < gigel ^ tamara > dragos
ionel > alina v diana v costin v simona v razvan v andrei >> oana ^ radu > patricia v victor v nicoleta >> maria > gabi ^ dorel ^ elena < gigel ^ tamara > dragos
ionel > alina v diana v costin v simona v razvan v andrei v alex >> ela ^ oana ^ radu > patricia v victor v nicoleta >> maria > gabi ^ dorel ^ elena < gigel ^ tamara > dragos
ionel > alina v diana v costin v simona v razvan v andrei >> oana ^ radu ^ dana > cristian v patricia v victor v nicoleta >> maria > gabi ^ dorel ^ elena < gigel ^ tamara > dragos
ionel > alina v diana v costin v simona v razvan v andrei >> oana ^ radu > patricia v victor v nicoleta >> maria > gabi ^ dorel ^ elena < gigel ^ tamara ^ dora > marin v dragos
ionel > alina v diana v costin v simona v razvan v andrei >> oana ^ radu > patricia v victor v nicoleta >> maria > gabi ^ dorel ^ elena < gigel ^ tamara > dragos
ionel > alina v diana v costin v simona v razvan v andrei >> oana ^ radu > patricia v victor v nicoleta >> maria > gabi ^ dorel ^ elena < gigel ^ tamara > dragos
ionel > alina v diana v costin v simona v razvan v andrei v alex >> ela ^ oana ^ radu > patricia v victor v nicoleta >> maria > gabi ^ dorel ^ elena < gigel ^ tamara > dragos
ionel > alina v diana v costin v simona v razvan v andrei >> oana ^ radu ^ dana > cristian v patricia v victor v nicoleta >> maria > gabi ^ dorel ^ elena < gigel ^ tamara > dragos
ionel > alina v diana v costin v simona v razvan v andrei >> oana ^ radu > patricia v victor v nicoleta >> maria > gabi ^ dorel ^ elena < gigel ^ tamara ^ dora > marin v dragos
ionel > alina v diana v costin v simona v razvan v andrei >> oana ^ radu > patricia v victor v nicoleta >> maria > gabi ^ dorel ^ elena < gigel ^ tamara > dragos
ionel > alina v diana v costin v simona v razvan v andrei v alex >> ela ^ oana ^ radu > patricia v victor v nicoleta >> maria > gabi ^ dorel ^ elena < gigel ^ tamara > dragos
ionel > alina v diana v costin v simona v razvan v andrei >> oana ^ radu ^ dana > cristian v patricia v victor v nicoleta >> maria > gabi ^ dorel ^ elena < gigel ^ tamara > dragos
ionel > alina v diana v costin v simona v razvan v andrei >> oana ^ radu > patricia v victor v nicoleta >> maria > gabi ^ dorel ^ elena < gigel ^ tamara > dragos
ionel > alina v diana v costin v simona v razvan v andrei v alex >> ela ^ oana ^ radu > patricia v victor v nicoleta >> maria > gabi ^ dorel ^ elena < gigel ^ tamara > dragos
ionel > alina v diana v costin v simona v razvan v andrei >> oana ^ radu > patricia v victor v nicoleta >> maria > gabi ^ dorel ^ elena < gigel ^ tamara > dragos
ionel > alina v diana v costin v simona < luiza v mihnea > razvan v andrei >> oana ^ radu > patricia v victor v nicoleta >> maria > gabi ^ dorel ^ elena < gigel ^ tamara > dragos
ionel > alina v diana v costin v simona v razvan v andrei >> oana ^ radu > patricia v victor v nicoleta >> maria > gabi ^ dorel ^ elena < gigel ^ tamara ^ dora > marin v dragos
ionel > alina v diana v costin v simona v razvan v andrei >> oana ^ radu ^ dana > cristian v patricia v victor v nicoleta >> maria > gabi ^ dorel ^ elena < gigel ^ tamara > dragos
ionel > alina v diana v costin v simona v razvan v andrei >> oana ^ radu > patricia v victor v nicoleta >> maria > gabi ^ dorel ^ elena < gigel ^ tamara > dragos
ionel > alina v diana v costin v simona < luiza v mihnea > razvan v andrei >> oana ^ radu > patricia v victor v nicoleta >> maria > gabi ^ dorel ^ elena < gigel ^ tamara > dragos
ionel > alina v diana v costin v simona v razvan v andrei >> oana ^ radu > patricia v victor v nicoleta >> maria > gabi ^ dorel ^ elena < gigel ^ tamara ^ dora > marin v dragos
ionel > alina v diana v costin v simona v razvan v andrei >> oana ^ radu ^ dana > cristian v patricia v victor v nicoleta >> maria > gabi ^ dorel ^ elena < gigel ^ tamara > dragos
ionel > alina v diana v costin v simona v razvan v andrei >> oana ^ radu > patricia v victor v nicoleta >> maria > gabi ^ dorel ^ elena < gigel ^ tamara > dragos
ionel > alina v diana v costin v simona < luiza v mihnea > razvan v andrei >> oana ^ radu > patricia v victor v nicoleta >> maria > gabi ^ dorel ^ elena < gigel ^ tamara > dragos
ionel > alina v diana v costin v simona v razvan v andrei >> oana ^ radu > patricia v victor v nicoleta >> maria > gabi ^ dorel ^ elena < gigel ^ tamara ^ dora > marin v dragos
ionel > alina v diana v costin v simona v razvan v andrei >> oana ^ radu ^ dana > cristian v patricia v victor v nicoleta >> maria > gabi ^ dorel ^ elena < gigel ^ tamara > dragos
ionel > alina v diana v costin v simona v razvan v andrei v alex >> ela ^ oana ^ radu > patricia v victor v nicoleta >> maria > gabi ^ dorel ^ elena < gigel ^ tamara > dragos
ionel > alina v diana v costin v simona < luiza v mihnea > razvan v andrei >> oana ^ radu > patricia v victor v nicoleta >> maria > gabi ^ dorel ^ elena < gigel ^ tamara ^ dora > marin v dragos
ionel > alina v diana v costin v simona < luiza v mihnea > razvan v andrei >> oana ^ radu ^ dana > cristian v patricia v victor v nicoleta >> maria > gabi ^ dorel ^ elena < gigel ^ tamara > dragos
ionel > alina v diana v costin v simona < luiza v mihnea > razvan v andrei v alex >> ela ^ oana ^ radu > patricia v victor v nicoleta >> maria > gabi ^ dorel ^ elena < gigel ^ tamara > dragos
ionel > alina v diana v costin v simona v razvan v andrei >> oana ^ radu > patricia v victor v nicoleta >> maria > gabi ^ dorel ^ elena < gigel ^ tamara ^ dora ^ nadia > mihai v marin v dragos
ionel > alina v diana v costin v simona v razvan v andrei >> oana ^ radu ^ dana ^ anda > bogdan v cristian v patricia v victor v nicoleta >> maria > gabi ^ dorel ^ elena < gigel ^ tamara > dragos
ionel > alina v diana v costin v simona v razvan v andrei >> oana ^ radu > patricia v victor v nicoleta >> maria > gabi ^ dorel ^ elena < gigel ^ tamara > dragos
ionel > alina v diana v costin v simona v razvan v andrei >> oana ^ radu > patricia v victor v nicoleta >> maria > gabi ^ dorel ^ elena < gigel ^ tamara ^ dora > marin v dragos
ionel > alina v diana v costin v simona v razvan v andrei >> oana ^ radu ^ dana > cristian v patricia v victor v nicoleta >> maria > gabi ^ dorel ^ elena < gigel ^ tamara > dragos
ionel > alina v diana v costin v simona v razvan v andrei v alex >> ela ^ oana ^ radu > patricia v victor v nicoleta >> maria > gabi ^ dorel ^ elena < gigel ^ tamara > dragos
ionel > alina v diana v costin v simona < luiza v mihnea > razvan v andrei >> oana ^ radu > patricia v victor v nicoleta >> maria > gabi ^ dorel ^ elena < gigel ^ tamara > dragos
ionel > alina v diana v costin v simona < luiza v mihnea > razvan v andrei >> oana ^ radu > patricia v victor v nicoleta >> maria > gabi ^ dorel ^ elena < gigel ^ tamara ^ dora > marin v dragos
ionel > alina v diana v costin v simona v razvan v andrei v alex >> ela ^ oana ^ radu > patricia v victor v nicoleta >> maria > gabi ^ dorel ^ elena < gigel ^ tamara ^ dora > marin v dragos
ionel > alina v diana v costin v simona v razvan v andrei >> oana ^ radu ^ dana > cristian v patricia v victor v nicoleta >> maria > gabi ^ dorel ^ elena < gigel ^ tamara ^ dora > marin v dragos
ionel > alina v diana v costin v simona v razvan v andrei >> oana ^ radu > patricia v victor v nicoleta >> maria > gabi ^ dorel ^ elena < gigel ^ tamara ^ dora ^ nadia > mihai v marin v dragos
ionel > alina v diana v costin v simona < luiza v mihnea > razvan v andrei >> oana ^ radu ^ dana > cristian v patricia v victor v nicoleta >> maria > gabi ^ dorel ^ elena < gigel ^ tamara > dragos
ionel > alina v diana v costin v simona v razvan v andrei >> oana ^ radu > patricia v victor v nicoleta >> maria > gabi ^ dorel ^ elena < gigel ^ tamara > dragos
ionel > alina v diana v costin v simona v razvan v andrei >> oana ^ radu > patricia v victor v nicoleta >> maria > gabi ^ dorel ^ elena < gigel ^ tamara ^ dora > marin v dragos
ionel > alina v diana v costin v simona v razvan v andrei >> oana ^ radu ^ dana > cristian v patricia v victor v nicoleta >> maria > gabi ^ dorel ^ elena < gigel ^ tamara > dragos
ionel > alina v diana v costin v simona v razvan v andrei >> oana ^ radu > patricia v victor v nicoleta >> maria > gabi ^ dorel ^ elena < gigel ^ tamara > dragos
ionel > alina v diana v costin v simona < luiza v mihnea > razvan v andrei >> oana ^ radu > patricia v victor v nicoleta >> maria > gabi ^ dorel ^ elena < gigel ^ tamara > dragos
ionel > alina v diana v costin v simona v razvan v andrei >> oana ^ radu > patricia v victor v nicoleta >> maria > gabi ^ dorel ^ elena < gigel ^ tamara ^ dora > marin v dragos
ionel > alina v diana v costin v simona v razvan v andrei >> oana ^ radu > patricia v victor v nicoleta >> maria > gabi ^ dorel ^ elena < gigel ^ tamara > dragos
ionel > alina v diana v costin v simona < luiza v mihnea > razvan v andrei >> oana ^ radu > patricia v victor v nicoleta >> maria > gabi ^ dorel ^ elena < gigel ^ tamara > dragos
ionel > alina v diana v costin v simona v razvan v andrei >> oana ^ radu > patricia v victor v nicoleta >> maria > gabi ^ dorel ^ elena < gigel ^ tamara > dragos
ionel > alina v diana v costin v simona v razvan v andrei >> oana ^ radu > patricia v victor v nicoleta >> maria > gabi ^ dorel ^ elena < gigel ^ tamara ^ dora > marin v dragos
